2020-05-29 04:54:46.607187+0200 0x11dee5   Default     0x0                  701    0    AssetCacheLocatorService: (libboringssl.dylib) [com.apple.network.boringssl:BoringSSL] boringssl_context_message_handler(2258) [C10.1:2][0x7fa1f7710370] Writing SSL3_RT_ALERT 2 bytes
2020-05-29 04:54:46.607206+0200 0x11dee5   Default     0x0                  701    0    AssetCacheLocatorService: (libboringssl.dylib) [com.apple.network.boringssl:BoringSSL] boringssl_context_handle_warning_alert(1893) [C10.1:2][0x7fa1f7710370] write alert, level: warning, description: close notify
2020-05-29 04:54:46.607208+0200 0x11dee5   Default     0x0                  701    0    AssetCacheLocatorService: (libboringssl.dylib) [com.apple.network.boringssl:BoringSSL] boringssl_session_disconnect(504) [C10.1:2][0x7fa1f7710370] SSL_shutdown 1
2020-05-29 04:54:46.607213+0200 0x11dee5   Default     0x0                  701    0    AssetCacheLocatorService: (libnetwork.dylib) [com.apple.network:] nw_flow_disconnected [C10.1 IPv4#2fe5de6c:443 cancelled socket-flow ((null))] Output protocol disconnected
2020-05-29 04:54:46.607246+0200 0x11dee5   Default     0x0                  701    0    AssetCacheLocatorService: (libnetwork.dylib) [com.apple.network:] nw_connection_report_state_with_handler_on_nw_queue [C10] reporting state cancelled
2020-05-29 04:54:46.607256+0200 0x11dee5   Default     0x0                  701    0    AssetCacheLocatorService: (CFNetwork) Task <3BA3B133-0E02-4768-AAD1-C0A3146A9559>.<1> done using Connection 10
2020-05-29 04:54:46.607318+0200 0x11dee5   Default     0x0                  701    0    AssetCacheLocatorService: (CFNetwork) Connection 10: destroyed
2020-05-29 04:54:46.607344+0200 0x11e3a9   Default     0xaa10a              701    0    AssetCacheLocatorService: (CFNetwork) [com.apple.CFNetwork:Summary] Task <3BA3B133-0E02-4768-AAD1-C0A3146A9559>.<1> summary for task success {transaction_duration_ms=777, response_status=404, connection=10, protocol="http/1.1", domain_lookup_duration_ms=28, connect_duration_ms=600, secure_connection_duration_ms=460, request_start_ms=631, request_duration_ms=0, response_start_ms=777, response_duration_ms=0, request_bytes=641, response_bytes=203, cache_hit=0}
2020-05-29 04:54:46.607357+0200 0x11dee5   Default     0x0                  701    0    AssetCacheLocatorService: (libnetwork.dylib) [com.apple.network:] nw_socket_handle_socket_event [C10.1:3] Socket received READ_CLOSE event
2020-05-29 04:54:46.607359+0200 0x11dee5   Default     0x0                  701    0    AssetCacheLocatorService: (libboringssl.dylib) [com.apple.network.boringssl:BoringSSL] nw_protocol_boringssl_input_finished(1700) [C10.1:2][0x7fa1f7710370] state: 4
2020-05-29 04:54:46.607407+0200 0x11dee5   Default     0x0                  701    0    AssetCacheLocatorService: (libboringssl.dylib) [com.apple.network.boringssl:BoringSSL] nw_protocol_boringssl_remove_input_handler(1012) [C10.1:2][0x7fa1f7710370] nw_protocol_boringssl_remove_input_handler forced true
2020-05-29 04:54:46.607419+0200 0x11dee5   Default     0x0                  701    0    AssetCacheLocatorService: (libboringssl.dylib) [com.apple.network.boringssl:BoringSSL] nw_protocol_boringssl_remove_input_handler(1030) [C10.1:2][0x7fa1f7710370] Transferring nw_protocol_boringssl_t handle back into ARC for autorelease
2020-05-29 04:54:46.607770+0200 0x11e3a6   Default     0xaa10a              701    0    AssetCacheLocatorService: (CFNetwork) Task <3BA3B133-0E02-4768-AAD1-C0A3146A9559>.<1> finished successfully
2020-05-29 04:54:46.608045+0200 0x11e3a6   Default     0xaa10a              701    0    AssetCacheLocatorService: (CFNetwork) [com.apple.CFNetwork:Coalescing] removing all entries config 0x7fa1f750cee0
2020-05-29 04:54:46.608080+0200 0x11e3a6   Default     0xaa10a              701    0    AssetCacheLocatorService: (CFNetwork) [com.apple.CFNetwork:Coalescing] removing all entries config 0x7fa1f750cee0
2020-05-29 04:54:59.057221+0200 0x113468   Default     0x0                  774    0    tzd: (libxpc.dylib) [com.apple.xpc.activity:Client] _xpc_activity_dispatch: beginning dispatch, activity name <private>, seqno 0
2020-05-29 04:54:59.057252+0200 0x113468   Default     0x0                  774    0    tzd: (libxpc.dylib) [com.apple.xpc.activity:Client] _xpc_activity_dispatch: <private>: found a activity with matching seqno 0
2020-05-29 04:54:59.057764+0200 0x11e3fe   Default     0x0                  774    0    tzd: (libxpc.dylib) [com.apple.xpc.activity:Client] _xpc_activity_dispatch: lower half, activity name <private>, seqno from top half was 0
2020-05-29 04:54:59.057778+0200 0x11e3fe   Default     0x0                  774    0    tzd: (libxpc.dylib) [com.apple.xpc.activity:Client] _xpc_activity_set_state: <private>, 2
2020-05-29 04:54:59.058593+0200 0x11e3fe   Default     0x0                  774    0    tzd: (libxpc.dylib) [com.apple.xpc.activity:Client] __XPC_ACTIVITY_CALLING_HANDLER__: <private>, current state 2, pending state 0
2020-05-29 04:54:59.059130+0200 0x11e3fe   Default     0x0                  774    0    tzd: (libxpc.dylib) [com.apple.xpc.activity:Client] _xpc_activity_set_state: <private>, 5
2020-05-29 04:55:00.301884+0200 0x113468   Default     0x0                  774    0    tzd: (MobileAsset) Got the download meta data reply for com.apple.MobileAsset.TimeZoneUpdate, response: 0